<?xml version="1.0" encoding="UTF-8"?>
<!-- Generated by org.testng.reporters.JUnitReportReporter -->
<testsuite skipped="0" hostname="GreenDisease" name="GlobalID.WordPress.MyBlogTests" tests="6" failures="0" timestamp="2021-05-07T14:52:29 CDT" time="61.572" errors="0">
  <testcase name="TestBlogPageOpens" time="6.896" classname="GlobalID.WordPress.MyBlogTests"/>
  <system-out/>
  <testcase name="TestLatestBlogPostIsCorrect" time="6.410" classname="GlobalID.WordPress.MyBlogTests"/>
  <system-out/>
  <testcase name="TestCategoriesAreClickable" time="9.645" classname="GlobalID.WordPress.MyBlogTests"/>
  <system-out/>
  <testcase name="TestPostByCategory" time="8.822" classname="GlobalID.WordPress.MyBlogTests"/>
  <system-out/>
  <testcase name="TestOpenBlogPost" time="9.738" classname="GlobalID.WordPress.MyBlogTests"/>
  <system-out/>
  <testcase name="TestCommentBlogPost" time="20.061" classname="GlobalID.WordPress.MyBlogTests"/>
  <system-out/>
</testsuite> <!-- GlobalID.WordPress.MyBlogTests -->
